11:26:16.693 [main] INFO  io.javalin.Javalin - 
       __                      __ _            __ __
      / /____ _ _   __ ____ _ / /(_)____      / // /
 __  / // __ `/| | / // __ `// // // __ \    / // /_
/ /_/ // /_/ / | |/ // /_/ // // // / / /   /__  __/
\____/ \__,_/  |___/ \__,_//_//_//_/ /_/      /_/

          https://javalin.io/documentation

11:26:16.718 [main] INFO  org.eclipse.jetty.util.log - Logging initialized @711ms to org.eclipse.jetty.util.log.Slf4jLog
11:26:16.719 [main] INFO  io.javalin.Javalin - Starting Javalin ...
11:26:16.736 [main] INFO  io.javalin.Javalin - You are running Javalin 4.3.0 (released January 13, 2022).
11:26:16.806 [main] INFO  io.javalin.Javalin - No port specified, starting on port 8080. Call start(port) to change ports.
11:26:17.200 [main] INFO  io.javalin.Javalin - Listening on http://localhost:8080/
11:26:17.200 [main] INFO  io.javalin.Javalin - Javalin started in 481ms \o/
11:30:28.746 [main] INFO  io.javalin.Javalin - 
       __                      __ _            __ __
      / /____ _ _   __ ____ _ / /(_)____      / // /
 __  / // __ `/| | / // __ `// // // __ \    / // /_
/ /_/ // /_/ / | |/ // /_/ // // // / / /   /__  __/
\____/ \__,_/  |___/ \__,_//_//_//_/ /_/      /_/

          https://javalin.io/documentation

11:30:28.786 [main] INFO  org.eclipse.jetty.util.log - Logging initialized @868ms to org.eclipse.jetty.util.log.Slf4jLog
11:30:28.787 [main] INFO  io.javalin.Javalin - Starting Javalin ...
11:30:28.811 [main] INFO  io.javalin.Javalin - You are running Javalin 4.3.0 (released January 13, 2022).
11:30:28.811 [main] INFO  io.javalin.Javalin - No port specified, starting on port 8080. Call start(port) to change ports.
11:30:29.267 [main] INFO  io.javalin.Javalin - Listening on http://localhost:8080/
11:30:29.267 [main] INFO  io.javalin.Javalin - Javalin started in 480ms \o/
11:30:33.890 [JettyServerThreadPool-18] INFO  com.revature.main.Main - GET request received for /clients/1/bankaccounts
11:30:52.613 [JettyServerThreadPool-15] INFO  com.revature.main.Main - GET request received for /clients/22
11:30:52.699 [JettyServerThreadPool-15] WARN  com.revature.controller.ExceptionController - User attempted to retrieve information that was not found. Exception message is Client with id 22 was not found
11:30:55.286 [JettyServerThreadPool-21] INFO  com.revature.main.Main - GET request received for /clients/2
